Arguments: 
  C:\Program Files\nodejs\node.exe C:\Program Files (x86)\Yarn\bin\yarn.js add -D eslint eslit-config-prettier eslint-plugin-prettier

PATH: 
  C:\Users\carlo\Downloads\cmder\bin;C:\Users\carlo\Downloads\cmder\vendor\conemu-maximus5\ConEmu\Scripts;C:\Users\carlo\Downloads\cmder\vendor\conemu-maximus5;C:\Users\carlo\Downloads\cmder\vendor\conemu-maximus5\ConEmu;C:\Program Files (x86)\Common Files\Oracle\Java\javapath;C:\Program Files (x86)\Intel\iCLS Client\;C:\Program Files\Intel\iCLS Client\;C:\WINDOWS\system32;C:\WINDOWS;C:\WINDOWS\System32\Wbem;C:\WINDOWS\System32\WindowsPowerShell\v1.0\;C:\Program Files (x86)\Intel\Intel(R) Management Engine Components\DAL;C:\Program Files\Intel\Intel(R) Management Engine Components\DAL;C:\Program Files (x86)\Intel\Intel(R) Management Engine Components\IPT;C:\Program Files\Intel\Intel(R) Management Engine Components\IPT;C:\Program Files\Git\cmd;C:\Program Files\nodejs\;C:\Program Files (x86)\Yarn\bin;C:\PostgreSQL\pg10\bin;C:\Users\carlo\AppData\Local\Microsoft\WindowsApps;C:\Users\carlo\AppData\Local\atom\bin;C:\Program Files (x86)\Microsoft VS Code\bin;C:\Users\carlo\AppData\Local\.meteor\;C:\Users\carlo\AppData\Roaming\npm;C:\Users\carlo\AppData\Local\Yarn\bin;C:\MinGW\bin\;C:\adb;C:\WINDOWS\system32;C:\WINDOWS;C:\WINDOWS\System32\Wbem;C:\WINDOWS\System32\WindowsPowerShell\v1.0\;C:\WINDOWS\System32\OpenSSH\;C:\Users\carlo\AppData\Local\Microsoft\WindowsApps;C:\Users\carlo\AppData\Local\atom\bin;C:\Program Files (x86)\Microsoft VS Code\bin;C:\Users\carlo\AppData\Local\.meteor\;C:\Users\carlo\AppData\Roaming\npm;C:\Users\carlo\AppData\Local\Yarn\bin;C:\Program Files\nodejs\;C:\MinGW\bin\;C:\Users\carlo\AppData\Local\Microsoft\WindowsApps;C:\Users\carlo\AppData\Local\hyper\app-2.0.0\resources\bin;C:\Python27\python;C:\Program Files\heroku\bin;C:\Program Files\Git\mingw64;C:\Program Files\Git\usr\bin;C:\Users\carlo\Downloads\cmder

Yarn version: 
  1.3.2

Node version: 
  8.9.4

Platform: 
  win32 x64

npm manifest: 
  {
    "name": "adopt-me",
    "version": "1.0.0",
    "description": "Quick React web app for adopting pets",
    "main": "index.js",
    "scripts": {
      "format": "prettier --write \"src/**/*.{js, jsx, css, json} \" ",
      "format:check": "prettier --list-different \"src/**/*.{js, jsx, css, json} \" ",
      "test": "echo \"Error: no test specified\" && exit 1"
    },
    "repository": {
      "type": "git",
      "url": "git+https://github.com/carlosloureda/adopt-me.git"
    },
    "author": "",
    "license": "ISC",
    "bugs": {
      "url": "https://github.com/carlosloureda/adopt-me/issues"
    },
    "homepage": "https://github.com/carlosloureda/adopt-me#readme",
    "devDependencies": {
      "prettier": "^1.14.3"
    }
  }

yarn manifest: 
  No manifest

Lockfile: 
  # THIS IS AN AUTOGENERATED FILE. DO NOT EDIT THIS FILE DIRECTLY.
  # yarn lockfile v1
  
  
  prettier@^1.14.3:
    version "1.14.3"
    resolved "https://registry.yarnpkg.com/prettier/-/prettier-1.14.3.tgz#90238dd4c0684b7edce5f83b0fb7328e48bd0895"

Trace: 
  Error: https://registry.yarnpkg.com/eslit-config-prettier: Not found
      at Request.params.callback [as _callback] (C:\Program Files (x86)\Yarn\lib\cli.js:62098:18)
      at Request.self.callback (C:\Program Files (x86)\Yarn\lib\cli.js:123085:22)
      at emitTwo (events.js:126:13)
      at Request.emit (events.js:214:7)
      at Request.<anonymous> (C:\Program Files (x86)\Yarn\lib\cli.js:124068:10)
      at emitOne (events.js:116:13)
      at Request.emit (events.js:211:7)
      at IncomingMessage.<anonymous> (C:\Program Files (x86)\Yarn\lib\cli.js:123988:12)
      at Object.onceWrapper (events.js:313:30)
      at emitNone (events.js:111:20)
